0 info it worked if it ends with ok
1 verbose cli [ 'C:\\Program Files\\nodejs\\node.exe',
1 verbose cli   'C:\\Users\\Administrator\\AppData\\Roaming\\npm\\node_modules\\npm\\bin\\npm-cli.js',
1 verbose cli   'run',
1 verbose cli   'debug' ]
2 info using npm@3.10.10
3 info using node@v6.11.5
4 verbose run-script [ 'predebug', 'debug', 'postdebug' ]
5 info lifecycle sa@1.0.0~predebug: sa@1.0.0
6 silly lifecycle sa@1.0.0~predebug: no script for predebug, continuing
7 info lifecycle sa@1.0.0~debug: sa@1.0.0
8 verbose lifecycle sa@1.0.0~debug: unsafe-perm in lifecycle true
9 verbose lifecycle sa@1.0.0~debug: PATH: C:\Users\Administrator\AppData\Roaming\npm\node_modules\npm\bin\node-gyp-bin;F:\workfield\fis工作流模板\node_modules\.bin;C:\Program Files\ImageMagick-7.0.1-Q16;C:\Windows\system32;C:\Windows;C:\Windows\System32\Wbem;C:\Windows\System32\WindowsPowerShell\v1.0\;C:\Program Files\TortoiseSVN\bin;C:\Program Files\Git\cmd;;D:\软件\Microsoft VS Code\bin;C:\Users\Administrator\AppData\Local\Programs\Fiddler;C:\Users\Administrator\AppData\Roaming\npm;;;;D:\软件\Microsoft VS Code\bin;C:\Users\Administrator\AppData\Local\Programs\Fiddler;C:\Users\Administrator\AppData\Roaming\npm;;;C:\Program Files\nodejs;C:\Program Files\nodejs\;C:\Program Files\CMake\bin;C:\Users\Administrator\AppData\Local\Programs\Python\Python36\Scripts\;C:\Users\Administrator\AppData\Local\Programs\Python\Python36\;D:\软件\Microsoft VS Code\bin;C:\Users\Administrator\AppData\Local\Programs\Fiddler;C:\Python27;C:\Users\Administrator\AppData\Roaming\npm
10 verbose lifecycle sa@1.0.0~debug: CWD: F:\workfield\fis工作流模板
11 silly lifecycle sa@1.0.0~debug: Args: [ '/d /s /c', 'fis3 server restart && fis3 release dev -w ' ]
12 silly lifecycle sa@1.0.0~debug: Returned: code: 3221225786  signal: null
13 info lifecycle sa@1.0.0~debug: Failed to exec debug script
14 verbose stack Error: sa@1.0.0 debug: `fis3 server restart && fis3 release dev -w `
14 verbose stack Exit status 3221225786
14 verbose stack     at EventEmitter.<anonymous> (C:\Users\Administrator\AppData\Roaming\npm\node_modules\npm\lib\utils\lifecycle.js:255:16)
14 verbose stack     at emitTwo (events.js:106:13)
14 verbose stack     at EventEmitter.emit (events.js:191:7)
14 verbose stack     at ChildProcess.<anonymous> (C:\Users\Administrator\AppData\Roaming\npm\node_modules\npm\lib\utils\spawn.js:40:14)
14 verbose stack     at emitTwo (events.js:106:13)
14 verbose stack     at ChildProcess.emit (events.js:191:7)
14 verbose stack     at maybeClose (internal/child_process.js:920:16)
14 verbose stack     at Process.ChildProcess._handle.onexit (internal/child_process.js:230:5)
15 verbose pkgid sa@1.0.0
16 verbose cwd F:\workfield\fis工作流模板
17 error Windows_NT 6.1.7601
18 error argv "C:\\Program Files\\nodejs\\node.exe" "C:\\Users\\Administrator\\AppData\\Roaming\\npm\\node_modules\\npm\\bin\\npm-cli.js" "run" "debug"
19 error node v6.11.5
20 error npm  v3.10.10
21 error code ELIFECYCLE
22 error sa@1.0.0 debug: `fis3 server restart && fis3 release dev -w `
22 error Exit status 3221225786
23 error Failed at the sa@1.0.0 debug script 'fis3 server restart && fis3 release dev -w '.
23 error Make sure you have the latest version of node.js and npm installed.
23 error If you do, this is most likely a problem with the sa package,
23 error not with npm itself.
23 error Tell the author that this fails on your system:
23 error     fis3 server restart && fis3 release dev -w
23 error You can get information on how to open an issue for this project with:
23 error     npm bugs sa
23 error Or if that isn't available, you can get their info via:
23 error     npm owner ls sa
23 error There is likely additional logging output above.
24 verbose exit [ 1, true ]
